#
# There is insufficient memory for the Java Runtime Environment to continue.
# Native memory allocation (malloc) failed to allocate 1863216 bytes for Chunk::new
# Possible reasons:
#   The system is out of physical RAM or swap space
#   The process is running with CompressedOops enabled, and the Java Heap may be blocking the growth of the native heap
# Possible solutions:
#   Reduce memory load on the system
#   Increase physical memory or swap space
#   Check if swap backing store is full
#   Decrease Java heap size (-Xmx/-Xms)
#   Decrease number of Java threads
#   Decrease Java thread stack sizes (-Xss)
#   Set larger code cache with -XX:ReservedCodeCacheSize=
#   JVM is running with Unscaled Compressed Oops mode in which the Java heap is
#     placed in the first 4GB address space. The Java Heap base address is the
#     maximum limit for the native heap growth. Please use -XX:HeapBaseMinAddress
#     to set the Java Heap base and to place the Java Heap above 4GB virtual address.
# This output file may be truncated or incomplete.
#
#  Out of Memory Error (allocation.cpp:389), pid=9684, tid=0x000000000000281c
#
# JRE version: OpenJDK Runtime Environment (8.0_242-b01) (build 1.8.0_242-release-1644-b01)
# Java VM: OpenJDK 64-Bit Server VM (25.242-b01 mixed mode windows-amd64 compressed oops)
# Failed to write core dump. Minidumps are not enabled by default on client versions of Windows
#

---------------  T H R E A D  ---------------

Current thread (0x00000000174e4800):  JavaThread "C2 CompilerThread0" daemon [_thread_in_native, id=10268, stack(0x0000000018b30000,0x0000000018c30000)]

Stack: [0x0000000018b30000,0x0000000018c30000]
[error occurred during error reporting (printing stack bounds), id 0xc0000005]

Native frames: (J=compiled Java code, j=interpreted, Vv=VM code, C=native code)


Current CompileTask:
C2:  48463 9766 %     4       com.android.tools.r8.dex.n::a @ 312 (910 bytes)


---------------  P R O C E S S  ---------------

Java Threads: ( => current thread )
  0x000000001ddc2800 JavaThread "ForkJoinPool-1-worker-0" daemon [_thread_blocked, id=11352, stack(0x000000002bc70000,0x000000002bd70000)]
  0x000000001ddb7800 JavaThread "ForkJoinPool-1-worker-3" daemon [_thread_blocked, id=11076, stack(0x000000002bb70000,0x000000002bc70000)]
  0x000000001ddbd800 JavaThread "ForkJoinPool-1-worker-2" daemon [_thread_in_Java, id=10748, stack(0x000000002ba70000,0x000000002bb70000)]
  0x000000001ddb8000 JavaThread "ForkJoinPool-1-worker-1" daemon [_thread_blocked, id=2872, stack(0x000000002b970000,0x000000002ba70000)]
  0x000000001ddba800 JavaThread "WorkerExecutor Queue Thread 4" [_thread_blocked, id=6752, stack(0x000000002a790000,0x000000002a890000)]
  0x000000001ddb6800 JavaThread "WorkerExecutor Queue Thread 3" [_thread_blocked, id=8440, stack(0x000000002b120000,0x000000002b220000)]
  0x000000001ddbc800 JavaThread "WorkerExecutor Queue Thread 2" [_thread_blocked, id=4696, stack(0x000000002b020000,0x000000002b120000)]
  0x000000001ddbc000 JavaThread "WorkerExecutor Queue" [_thread_blocked, id=5384, stack(0x000000002af20000,0x000000002b020000)]
  0x000000001ddb4800 JavaThread "ForkJoinPool.commonPool-worker-3" daemon [_thread_blocked, id=3532, stack(0x000000002a990000,0x000000002aa90000)]
  0x000000001ddbb000 JavaThread "ForkJoinPool.commonPool-worker-2" daemon [_thread_blocked, id=9740, stack(0x000000002a890000,0x000000002a990000)]
  0x000000001ddb6000 JavaThread "Cache worker for Java compile cache (C:\Users\Samurai 777\AndroidStudioProjects\2DGame\.gradle\6.5\javaCompile)" [_thread_blocked, id=11876, stack(0x000000002a290000,0x000000002a390000)]
  0x000000001ddb9000 JavaThread "Cache worker for Java compile cache (C:\Users\Samurai 777\.gradle\caches\6.5\javaCompile)" [_thread_blocked, id=9136, stack(0x0000000029d50000,0x0000000029e50000)]
  0x000000001ddb5000 JavaThread "Cache worker for execution history cache (C:\Users\Samurai 777\AndroidStudioProjects\2DGame\.gradle\6.5\executionHistory)" [_thread_blocked, id=2520, stack(0x0000000029c50000,0x0000000029d50000)]
  0x000000001f897800 JavaThread "Execution worker for ':' Thread 3" [_thread_blocked, id=10604, stack(0x0000000029b50000,0x0000000029c50000)]
  0x000000001f898800 JavaThread "Execution worker for ':' Thread 2" [_thread_blocked, id=7052, stack(0x0000000029a50000,0x0000000029b50000)]
  0x000000001f896000 JavaThread "Execution worker for ':'" [_thread_blocked, id=268, stack(0x0000000029950000,0x0000000029a50000)]
  0x000000001f894800 JavaThread "Cache worker for file content cache (C:\Users\Samurai 777\AndroidStudioProjects\2DGame\.gradle\6.5\fileContent)" [_thread_blocked, id=452, stack(0x0000000028a00000,0x0000000028b00000)]
  0x000000001f89b800 JavaThread "Memory manager" [_thread_blocked, id=7244, stack(0x00000000286f0000,0x00000000287f0000)]
  0x000000001f897000 JavaThread "Cache worker for Build Output Cleanup Cache (C:\Users\Samurai 777\AndroidStudioProjects\2DGame\.gradle\buildOutputCleanup)" [_thread_blocked, id=11628, stack(0x0000000027a80000,0x0000000027b80000)]
  0x000000001f89a000 JavaThread "jar transforms Thread 92" [_thread_blocked, id=10376, stack(0x00000000281f0000,0x00000000282f0000)]
  0x000000001f899000 JavaThread "jar transforms Thread 91" [_thread_blocked, id=7928, stack(0x00000000280f0000,0x00000000281f0000)]
  0x000000001f89a800 JavaThread "jar transforms Thread 90" [_thread_blocked, id=5824, stack(0x0000000027ff0000,0x00000000280f0000)]
  0x000000001f895800 JavaThread "jar transforms Thread 89" [_thread_blocked, id=1352, stack(0x0000000027ef0000,0x0000000027ff0000)]
  0x000000001f88d000 JavaThread "jar transforms Thread 88" [_thread_blocked, id=11108, stack(0x0000000027df0000,0x0000000027ef0000)]
  0x000000001f894000 JavaThread "jar transforms Thread 87" [_thread_blocked, id=1748, stack(0x0000000027cf0000,0x0000000027df0000)]
  0x000000001f893000 JavaThread "jar transforms Thread 86" [_thread_blocked, id=10812, stack(0x0000000027bf0000,0x0000000027cf0000)]
  0x000000001f891800 JavaThread "jar transforms Thread 85" [_thread_blocked, id=9808, stack(0x0000000023350000,0x0000000023450000)]
  0x000000001f891000 JavaThread "jar transforms Thread 84" [_thread_blocked, id=9560, stack(0x0000000027980000,0x0000000027a80000)]
  0x000000001f890000 JavaThread "jar transforms Thread 83" [_thread_blocked, id=8036, stack(0x0000000027880000,0x0000000027980000)]
  0x000000001f88c800 JavaThread "jar transforms Thread 82" [_thread_blocked, id=11296, stack(0x0000000027780000,0x0000000027880000)]
  0x000000001f88e000 JavaThread "jar transforms Thread 81" [_thread_blocked, id=9280, stack(0x0000000027680000,0x0000000027780000)]
  0x000000001f88f800 JavaThread "jar transforms Thread 80" [_thread_blocked, id=8436, stack(0x0000000027580000,0x0000000027680000)]
  0x000000001f892800 JavaThread "jar transforms Thread 79" [_thread_blocked, id=5636, stack(0x0000000027480000,0x0000000027580000)]
  0x000000001f88e800 JavaThread "jar transforms Thread 78" [_thread_blocked, id=560, stack(0x0000000027380000,0x0000000027480000)]
  0x000000001b485800 JavaThread "jar transforms Thread 77" [_thread_blocked, id=2488, stack(0x0000000027280000,0x0000000027380000)]
  0x000000001b484800 JavaThread "jar transforms Thread 76" [_thread_blocked, id=7844, stack(0x0000000027180000,0x0000000027280000)]
  0x000000001b484000 JavaThread "jar transforms Thread 75" [_thread_blocked, id=6584, stack(0x0000000027080000,0x0000000027180000)]
  0x000000001b487800 JavaThread "jar transforms Thread 74" [_thread_blocked, id=12056, stack(0x0000000026f80000,0x0000000027080000)]
  0x000000001b483000 JavaThread "jar transforms Thread 73" [_thread_blocked, id=5064, stack(0x0000000026e80000,0x0000000026f80000)]
  0x000000001b489000 JavaThread "jar transforms Thread 72" [_thread_blocked, id=11908, stack(0x0000000026d80000,0x0000000026e80000)]
  0x000000001b487000 JavaThread "jar transforms Thread 71" [_thread_blocked, id=11072, stack(0x0000000026c80000,0x0000000026d80000)]
  0x000000001b488800 JavaThread "jar transforms Thread 70" [_thread_blocked, id=11276, stack(0x0000000026b80000,0x0000000026c80000)]
  0x000000001b486000 JavaThread "jar transforms Thread 69" [_thread_blocked, id=6312, stack(0x0000000026a80000,0x0000000026b80000)]
  0x000000001b47d000 JavaThread "jar transforms Thread 68" [_thread_blocked, id=1720, stack(0x0000000026980000,0x0000000026a80000)]
  0x000000001b482800 JavaThread "jar transforms Thread 67" [_thread_blocked, id=12072, stack(0x0000000026880000,0x0000000026980000)]
  0x000000001b481800 JavaThread "jar transforms Thread 66" [_thread_blocked, id=3792, stack(0x0000000026780000,0x0000000026880000)]
  0x000000001b47a000 JavaThread "jar transforms Thread 65" [_thread_blocked, id=2744, stack(0x0000000026680000,0x0000000026780000)]
  0x000000001b47b800 JavaThread "jar transforms Thread 64" [_thread_blocked, id=960, stack(0x0000000026580000,0x0000000026680000)]
  0x000000001b481000 JavaThread "jar transforms Thread 63" [_thread_blocked, id=3272, stack(0x0000000026480000,0x0000000026580000)]
  0x000000001b47f800 JavaThread "jar transforms Thread 62" [_thread_blocked, id=9340, stack(0x0000000026380000,0x0000000026480000)]
  0x000000001b47e000 JavaThread "jar transforms Thread 61" [_thread_blocked, id=3788, stack(0x0000000026280000,0x0000000026380000)]
  0x000000001b47e800 JavaThread "jar transforms Thread 60" [_thread_blocked, id=8388, stack(0x0000000026180000,0x0000000026280000)]
  0x000000001b480000 JavaThread "jar transforms Thread 59" [_thread_blocked, id=9152, stack(0x0000000026080000,0x0000000026180000)]
  0x000000001b47a800 JavaThread "jar transforms Thread 58" [_thread_blocked, id=7104, stack(0x0000000025f80000,0x0000000026080000)]
  0x000000001b47c000 JavaThread "jar transforms Thread 57" [_thread_blocked, id=9332, stack(0x0000000025e80000,0x0000000025f80000)]
  0x00000000205c4000 JavaThread "jar transforms Thread 56" [_thread_blocked, id=10740, stack(0x0000000025d80000,0x0000000025e80000)]
  0x00000000205c6800 JavaThread "jar transforms Thread 55" [_thread_blocked, id=880, stack(0x0000000025c80000,0x0000000025d80000)]
  0x00000000205cb000 JavaThread "jar transforms Thread 54" [_thread_blocked, id=4392, stack(0x0000000025b80000,0x0000000025c80000)]
  0x00000000205ca000 JavaThread "jar transforms Thread 53" [_thread_blocked, id=6656, stack(0x0000000025a80000,0x0000000025b80000)]
  0x00000000205c8800 JavaThread "jar transforms Thread 52" [_thread_blocked, id=11872, stack(0x0000000025980000,0x0000000025a80000)]
  0x00000000205c5800 JavaThread "jar transforms Thread 51" [_thread_blocked, id=5628, stack(0x0000000025880000,0x0000000025980000)]
  0x00000000205c5000 JavaThread "jar transforms Thread 50" [_thread_blocked, id=6628, stack(0x0000000025780000,0x0000000025880000)]
  0x00000000205c3800 JavaThread "jar transforms Thread 49" [_thread_blocked, id=540, stack(0x0000000025680000,0x0000000025780000)]
  0x00000000205c8000 JavaThread "jar transforms Thread 48" [_thread_blocked, id=8392, stack(0x0000000025580000,0x0000000025680000)]
  0x00000000205c7000 JavaThread "jar transforms Thread 47" [_thread_blocked, id=10904, stack(0x0000000025480000,0x0000000025580000)]
  0x00000000205c9800 JavaThread "jar transforms Thread 46" [_thread_blocked, id=9220, stack(0x0000000025380000,0x0000000025480000)]
  0x00000000205bc000 JavaThread "jar transforms Thread 45" [_thread_blocked, id=12140, stack(0x0000000025280000,0x0000000025380000)]
  0x00000000205c1000 JavaThread "jar transforms Thread 44" [_thread_blocked, id=5156, stack(0x0000000025180000,0x0000000025280000)]
  0x00000000205bf800 JavaThread "jar transforms Thread 43" [_thread_blocked, id=10500, stack(0x0000000025080000,0x0000000025180000)]
  0x00000000205be000 JavaThread "jar transforms Thread 42" [_thread_blocked, id=7872, stack(0x0000000024f80000,0x0000000025080000)]
  0x00000000205c2800 JavaThread "jar transforms Thread 41" [_thread_blocked, id=8612, stack(0x0000000024e80000,0x0000000024f80000)]
  0x00000000205bf000 JavaThread "jar transforms Thread 40" [_thread_blocked, id=7684, stack(0x0000000024d80000,0x0000000024e80000)]
  0x00000000205bc800 JavaThread "jar transforms Thread 39" [_thread_blocked, id=8900, stack(0x0000000024c80000,0x0000000024d80000)]
  0x00000000205c2000 JavaThread "jar transforms Thread 38" [_thread_blocked, id=8188, stack(0x0000000024b80000,0x0000000024c80000)]
  0x00000000205bd800 JavaThread "jar transforms Thread 37" [_thread_blocked, id=8380, stack(0x0000000024a80000,0x0000000024b80000)]
  0x00000000205c0800 JavaThread "jar transforms Thread 36" [_thread_blocked, id=5108, stack(0x0000000024980000,0x0000000024a80000)]
  0x0000000020276000 JavaThread "jar transforms Thread 35" [_thread_blocked, id=8516, stack(0x0000000024880000,0x0000000024980000)]
  0x0000000020275000 JavaThread "jar transforms Thread 34" [_thread_blocked, id=2504, stack(0x0000000024780000,0x0000000024880000)]
  0x0000000020279800 JavaThread "jar transforms Thread 33" [_thread_blocked, id=9532, stack(0x0000000024680000,0x0000000024780000)]
  0x0000000020276800 JavaThread "jar transforms Thread 32" [_thread_blocked, id=5204, stack(0x0000000024580000,0x0000000024680000)]
  0x0000000020278000 JavaThread "jar transforms Thread 31" [_thread_blocked, id=6124, stack(0x0000000024480000,0x0000000024580000)]
  0x0000000020274800 JavaThread "jar transforms Thread 30" [_thread_blocked, id=476, stack(0x0000000024380000,0x0000000024480000)]
  0x0000000020279000 JavaThread "jar transforms Thread 29" [_thread_blocked, id=8772, stack(0x0000000024280000,0x0000000024380000)]
  0x000000002027b000 JavaThread "jar transforms Thread 28" [_thread_blocked, id=10820, stack(0x0000000024180000,0x0000000024280000)]
  0x0000000020273800 JavaThread "jar transforms Thread 27" [_thread_blocked, id=9704, stack(0x0000000024080000,0x0000000024180000)]
  0x0000000020277800 JavaThread "jar transforms Thread 26" [_thread_blocked, id=11632, stack(0x0000000023f80000,0x0000000024080000)]
  0x000000002027a800 JavaThread "jar transforms Thread 25" [_thread_blocked, id=6892, stack(0x0000000023e80000,0x0000000023f80000)]
  0x000000002026c000 JavaThread "jar transforms Thread 24" [_thread_blocked, id=2636, stack(0x0000000023d80000,0x0000000023e80000)]
  0x0000000020273000 JavaThread "jar transforms Thread 23" [_thread_blocked, id=10556, stack(0x0000000023c80000,0x0000000023d80000)]
  0x000000002026d000 JavaThread "jar transforms Thread 22" [_thread_blocked, id=9760, stack(0x0000000023b80000,0x0000000023c80000)]
  0x0000000020272000 JavaThread "jar transforms Thread 21" [_thread_blocked, id=700, stack(0x0000000023a80000,0x0000000023b80000)]
  0x0000000020270800 JavaThread "jar transforms Thread 20" [_thread_blocked, id=1348, stack(0x0000000023980000,0x0000000023a80000)]
  0x000000002026f000 JavaThread "jar transforms Thread 19" [_thread_blocked, id=7152, stack(0x0000000023880000,0x0000000023980000)]
  0x000000002026e800 JavaThread "jar transforms Thread 18" [_thread_blocked, id=3900, stack(0x0000000023780000,0x0000000023880000)]
  0x0000000020270000 JavaThread "jar transforms Thread 17" [_thread_blocked, id=3880, stack(0x0000000023680000,0x0000000023780000)]
  0x000000002026d800 JavaThread "jar transforms Thread 16" [_thread_blocked, id=1156, stack(0x0000000023250000,0x0000000023350000)]
  0x0000000020271800 JavaThread "jar transforms Thread 15" [_thread_blocked, id=11716, stack(0x0000000023150000,0x0000000023250000)]
  0x000000001b39b000 JavaThread "jar transforms Thread 14" [_thread_blocked, id=3796, stack(0x0000000023050000,0x0000000023150000)]
  0x000000001b39e000 JavaThread "jar transforms Thread 13" [_thread_blocked, id=2392, stack(0x0000000022f50000,0x0000000023050000)]
  0x000000001b39a800 JavaThread "jar transforms Thread 12" [_thread_blocked, id=1728, stack(0x0000000022e50000,0x0000000022f50000)]
  0x000000001b3a1000 JavaThread "jar transforms Thread 11" [_thread_blocked, id=2408, stack(0x0000000022d50000,0x0000000022e50000)]
  0x000000001b3a0800 JavaThread "jar transforms Thread 10" [_thread_blocked, id=8712, stack(0x0000000022c50000,0x0000000022d50000)]
  0x000000001b39c800 JavaThread "jar transforms Thread 9" [_thread_blocked, id=10528, stack(0x0000000022b50000,0x0000000022c50000)]
  0x000000001b39c000 JavaThread "jar transforms Thread 8" [_thread_blocked, id=11812, stack(0x0000000022a50000,0x0000000022b50000)]
  0x000000001b39f800 JavaThread "jar transforms Thread 7" [_thread_blocked, id=11528, stack(0x0000000022950000,0x0000000022a50000)]
  0x000000001b39f000 JavaThread "jar transforms Thread 6" [_thread_blocked, id=6596, stack(0x0000000022850000,0x0000000022950000)]
  0x000000001b39d800 JavaThread "jar transforms Thread 5" [_thread_blocked, id=3808, stack(0x0000000022750000,0x0000000022850000)]
  0x000000001b392800 JavaThread "jar transforms Thread 4" [_thread_blocked, id=7060, stack(0x0000000022650000,0x0000000022750000)]
  0x000000001b397800 JavaThread "jar transforms Thread 3" [_thread_blocked, id=1268, stack(0x0000000022550000,0x0000000022650000)]
  0x000000001b399800 JavaThread "jar transforms Thread 2" [_thread_blocked, id=7876, stack(0x0000000022450000,0x0000000022550000)]
  0x000000001b396800 JavaThread "Build operations Thread 4" [_thread_blocked, id=11772, stack(0x0000000022350000,0x0000000022450000)]
  0x000000001b392000 JavaThread "Build operations Thread 3" [_thread_blocked, id=8896, stack(0x0000000022250000,0x0000000022350000)]
  0x000000001b399000 JavaThread "Build operations Thread 2" [_thread_blocked, id=11292, stack(0x0000000022150000,0x0000000022250000)]
  0x000000001b395000 JavaThread "Build operations" [_thread_blocked, id=6068, stack(0x0000000022050000,0x0000000022150000)]
  0x0000000019ae9800 JavaThread "Cache worker for file content cache (C:\Users\Samurai 777\.gradle\caches\6.5\fileContent)" [_thread_blocked, id=6396, stack(0x0000000021950000,0x0000000021a50000)]
  0x0000000019ae9000 JavaThread "jar transforms" [_thread_blocked, id=8788, stack(0x0000000021850000,0x0000000021950000)]
  0x0000000019ae8000 JavaThread "Cache worker for execution history cache (C:\Users\Samurai 777\.gradle\caches\6.5\executionHistory)" [_thread_blocked, id=4880, stack(0x0000000021150000,0x0000000021250000)]
  0x0000000019aec800 JavaThread "Cache worker for cache directory md-rule (C:\Users\Samurai 777\.gradle\caches\6.5\md-rule)" [_thread_blocked, id=3840, stack(0x0000000021050000,0x0000000021150000)]
  0x0000000019aec000 JavaThread "Cache worker for cache directory md-supplier (C:\Users\Samurai 777\.gradle\caches\6.5\md-supplier)" [_thread_blocked, id=10284, stack(0x000000001fbf0000,0x000000001fcf0000)]
  0x0000000019aeb000 JavaThread "Cache worker for checksums cache (C:\Users\Samurai 777\AndroidStudioProjects\2DGame\.gradle\checksums)" [_thread_blocked, id=2204, stack(0x000000001faf0000,0x000000001fbf0000)]
  0x0000000019ae6800 JavaThread "Cache worker for file hash cache (C:\Users\Samurai 777\AndroidStudioProjects\2DGame\.gradle\6.5\fileHashes)" [_thread_blocked, id=8148, stack(0x0000000020f50000,0x0000000021050000)]
  0x0000000019ae6000 JavaThread "Cache worker for file hash cache (C:\Users\Samurai 777\.gradle\caches\6.5\fileHashes)" [_thread_blocked, id=10364, stack(0x000000001d650000,0x000000001d750000)]
  0x0000000019aea800 JavaThread "File lock request listener" [_thread_in_native, id=7360, stack(0x000000001d550000,0x000000001d650000)]
  0x000000001a396800 JavaThread "Cache worker for journal cache (C:\Users\Samurai 777\.gradle\caches\journal-1)" [_thread_blocked, id=8144, stack(0x000000001d350000,0x000000001d450000)]
  0x000000001aecf800 JavaThread "Thread-9" [_thread_blocked, id=8452, stack(0x000000001d050000,0x000000001d150000)]
  0x00000000190c0800 JavaThread "Stdin handler" [_thread_blocked, id=9696, stack(0x000000001cf50000,0x000000001d050000)]
  0x0000000019c37000 JavaThread "Asynchronous log dispatcher for DefaultDaemonConnection: socket connection from /127.0.0.1:50375 to /127.0.0.1:50376" [_thread_blocked, id=5648, stack(0x000000001cd50000,0x000000001ce50000)]
  0x00000000190c1000 JavaThread "Daemon worker" [_thread_blocked, id=7696, stack(0x000000001cc50000,0x000000001cd50000)]
  0x0000000019bf8000 JavaThread "Cancel handler" [_thread_blocked, id=5908, stack(0x000000001cb50000,0x000000001cc50000)]
  0x0000000018ec1000 JavaThread "Handler for socket connection from /127.0.0.1:50375 to /127.0.0.1:50376" [_thread_in_native, id=9096, stack(0x000000001ca50000,0x000000001cb50000)]
  0x0000000018ebd800 JavaThread "Daemon" [_thread_blocked, id=11804, stack(0x000000001c950000,0x000000001ca50000)]
  0x0000000018ebb000 JavaThread "Daemon periodic checks" [_thread_blocked, id=2260, stack(0x000000001c650000,0x000000001c750000)]
  0x000000001abb0000 JavaThread "Incoming local TCP Connector on port 50375" [_thread_in_native, id=10084, stack(0x000000001c410000,0x000000001c510000)]
  0x000000001aefc800 JavaThread "Daemon health stats" [_thread_blocked, id=11360, stack(0x000000001bdd0000,0x000000001bed0000)]
  0x0000000018d59000 JavaThread "Service Thread" daemon [_thread_blocked, id=1572, stack(0x0000000019230000,0x0000000019330000)]
  0x000000001753a000 JavaThread "C1 CompilerThread2" daemon [_thread_in_vm, id=5184, stack(0x0000000019130000,0x0000000019230000)]
  0x00000000174e9000 JavaThread "C2 CompilerThread1" daemon [_thread_in_native, id=4244, stack(0x0000000018c30000,0x0000000018d30000)]
=>0x00000000174e4800 JavaThread "C2 CompilerThread0" daemon [_thread_in_native, id=10268, stack(0x0000000018b30000,0x0000000018c30000)]
  0x00000000174e3000 JavaThread "Attach Listener" daemon [_thread_blocked, id=8464, stack(0x0000000018a30000,0x0000000018b30000)]
  0x00000000174e2000 JavaThread "Signal Dispatcher" daemon [_thread_blocked, id=6572, stack(0x0000000018930000,0x0000000018a30000)]
  0x00000000026bb800 JavaThread "Finalizer" daemon [_thread_blocked, id=6320, stack(0x0000000018730000,0x0000000018830000)]
  0x00000000174c9000 JavaThread "Reference Handler" daemon [_thread_blocked, id=5604, stack(0x0000000018630000,0x0000000018730000)]
  0x00000000025c2800 JavaThread "main" [_thread_blocked, id=1392, stack(0x00000000027c0000,0x00000000028c0000)]

Other Threads:
  0x00000000174a6800 VMThread [stack: 0x0000000018530000,0x0000000018630000] [id=5076]
  0x0000000018d5b000 WatcherThread [stack: 0x0000000019330000,0x0000000019430000] [id=2620]

VM state:not at safepoint (normal execution)

VM Mutex/Monitor currently owned by a thread: None

heap address: 0x0000000080000000, size: 2048 MB, Compressed Oops mode: 32-bit
Narrow klass base: 0x0000000000000000, Narrow klass shift: 3
Compressed class space size: 1073741824 Address: 0x0000000100000000

Heap:
 PSYoungGen      total 245248K, used 169314K [0x00000000d5580000, 0x00000000e9a00000, 0x0000000100000000)
  eden space 219648K, 65% used [0x00000000d5580000,0x00000000de1df520,0x00000000e2c00000)
  from space 25600K, 99% used [0x00000000e8100000,0x00000000e99f9668,0x00000000e9a00000)
  to   space 20480K, 0% used [0x00000000e2c00000,0x00000000e2c00000,0x00000000e4000000)
 ParOldGen       total 112128K, used 60521K [0x0000000080000000, 0x0000000086d80000, 0x00000000d5580000)
  object space 112128K, 53% used [0x0000000080000000,0x0000000083b1a580,0x0000000086d80000)
 Metaspace       used 79986K, capacity 84270K, committed 84392K, reserved 1122304K
  class space    used 11123K, capacity 11935K, committed 11952K, reserved 1048576K

Card table byte_map: [0x0000000011c80000,0x0000000012090000] byte_map_base: 0x0000000011880000

Marking Bits: (ParMarkBitMap*) 0x000000007033f030
 Begin Bits: [0x0000000012740000, 0x0000000014740000)
 End Bits:   [0x0000000014740000, 0x0000000016740000)

Polling page: 0x00000000009a0000

CodeCache: size=245760Kb used=28735Kb max_used=28735Kb free=217024Kb
 bounds [0x00000000028c0000, 0x0000000004500000, 0x00000000118c0000]
 total_blobs=10012 nmethods=9177 adapters=747
 compilation: enabled

Compilation events (10 events):
Event: 48.423 Thread 0x000000001753a000 nmethod 10549 0x0000000004490290 code [0x0000000004490420, 0x0000000004490768]
Event: 48.423 Thread 0x000000001753a000 10550       2       com.android.tools.r8.utils.s0::c (23 bytes)
Event: 48.423 Thread 0x000000001753a000 nmethod 10550 0x0000000004490a50 code [0x0000000004490bc0, 0x0000000004490d48]
Event: 48.423 Thread 0x000000001753a000 10551       2       com.android.tools.r8.graph.g1::b (10 bytes)
Event: 48.423 Thread 0x000000001753a000 nmethod 10551 0x0000000004490e10 code [0x0000000004490f80, 0x00000000044910e8]
Event: 48.424 Thread 0x000000001753a000 10552   !   3       com.android.tools.r8.dex.r::c (2729 bytes)
Event: 48.448 Thread 0x00000000174e9000 nmethod 10354 0x000000000449e290 code [0x000000000449e780, 0x00000000044a8920]
Event: 48.448 Thread 0x00000000174e9000 10453       4       com.android.tools.r8.graph.i0::computeEquals (45 bytes)
Event: 48.453 Thread 0x00000000174e9000 nmethod 10453 0x000000000449b010 code [0x000000000449b160, 0x000000000449b358]
Event: 48.453 Thread 0x00000000174e9000 10400       4       java.util.TimSort::binarySort (223 bytes)

GC Heap History (10 events):
Event: 28.744 GC heap before
{Heap before GC invocations=13 (full 2):
 PSYoungGen      total 179200K, used 178758K [0x00000000d5580000, 0x00000000e1a80000, 0x0000000100000000)
  eden space 167936K, 100% used [0x00000000d5580000,0x00000000df980000,0x00000000df980000)
  from space 11264K, 96% used [0x00000000e0f80000,0x00000000e1a119f0,0x00000000e1a80000)
  to   space 13824K, 0% used [0x00000000dff80000,0x00000000dff80000,0x00000000e0d00000)
 ParOldGen       total 76288K, used 17058K [0x0000000080000000, 0x0000000084a80000, 0x00000000d5580000)
  object space 76288K, 22% used [0x0000000080000000,0x00000000810a8970,0x0000000084a80000)
 Metaspace       used 56301K, capacity 58628K, committed 58920K, reserved 1099776K
  class space    used 7713K, capacity 8197K, committed 8240K, reserved 1048576K
Event: 28.895 GC heap after
Heap after GC invocations=13 (full 2):
 PSYoungGen      total 187904K, used 13820K [0x00000000d5580000, 0x00000000e5380000, 0x0000000100000000)
  eden space 174080K, 0% used [0x00000000d5580000,0x00000000d5580000,0x00000000dff80000)
  from space 13824K, 99% used [0x00000000dff80000,0x00000000e0cff320,0x00000000e0d00000)
  to   space 19968K, 0% used [0x00000000e4000000,0x00000000e4000000,0x00000000e5380000)
 ParOldGen       total 76288K, used 29295K [0x0000000080000000, 0x0000000084a80000, 0x00000000d5580000)
  object space 76288K, 38% used [0x0000000080000000,0x0000000081c9bf48,0x0000000084a80000)
 Metaspace       used 56301K, capacity 58628K, committed 58920K, reserved 1099776K
  class space    used 7713K, capacity 8197K, committed 8240K, reserved 1048576K
}
Event: 29.383 GC heap before
{Heap before GC invocations=14 (full 2):
 PSYoungGen      total 187904K, used 23950K [0x00000000d5580000, 0x00000000e5380000, 0x0000000100000000)
  eden space 174080K, 5% used [0x00000000d5580000,0x00000000d5f64770,0x00000000dff80000)
  from space 13824K, 99% used [0x00000000dff80000,0x00000000e0cff320,0x00000000e0d00000)
  to   space 19968K, 0% used [0x00000000e4000000,0x00000000e4000000,0x00000000e5380000)
 ParOldGen       total 76288K, used 29295K [0x0000000080000000, 0x0000000084a80000, 0x00000000d5580000)
  object space 76288K, 38% used [0x0000000080000000,0x0000000081c9bf48,0x0000000084a80000)
 Metaspace       used 56746K, capacity 59062K, committed 59160K, reserved 1099776K
  class space    used 7785K, capacity 8296K, committed 8368K, reserved 1048576K
Event: 29.466 GC heap after
Heap after GC invocations=14 (full 2):
 PSYoungGen      total 239616K, used 736K [0x00000000d5580000, 0x00000000e6d00000, 0x0000000100000000)
  eden space 219648K, 0% used [0x00000000d5580000,0x00000000d5580000,0x00000000e2c00000)
  from space 19968K, 3% used [0x00000000e4000000,0x00000000e40b8000,0x00000000e5380000)
  to   space 20480K, 0% used [0x00000000e2c00000,0x00000000e2c00000,0x00000000e4000000)
 ParOldGen       total 76288K, used 43020K [0x0000000080000000, 0x0000000084a80000, 0x00000000d5580000)
  object space 76288K, 56% used [0x0000000080000000,0x0000000082a033e8,0x0000000084a80000)
 Metaspace       used 56746K, capacity 59062K, committed 59160K, reserved 1099776K
  class space    used 7785K, capacity 8296K, committed 8368K, reserved 1048576K
}
Event: 29.466 GC heap before
{Heap before GC invocations=15 (full 3):
 PSYoungGen      total 239616K, used 736K [0x00000000d5580000, 0x00000000e6d00000, 0x0000000100000000)
  eden space 219648K, 0% used [0x00000000d5580000,0x00000000d5580000,0x00000000e2c00000)
  from space 19968K, 3% used [0x00000000e4000000,0x00000000e40b8000,0x00000000e5380000)
  to   space 20480K, 0% used [0x00000000e2c00000,0x00000000e2c00000,0x00000000e4000000)
 ParOldGen       total 76288K, used 43020K [0x0000000080000000, 0x0000000084a80000, 0x00000000d5580000)
  object space 76288K, 56% used [0x0000000080000000,0x0000000082a033e8,0x0000000084a80000)
 Metaspace       used 56746K, capacity 59062K, committed 59160K, reserved 1099776K
  class space    used 7785K, capacity 8296K, committed 8368K, reserved 1048576K
Event: 30.599 GC heap after
Heap after GC invocations=15 (full 3):
 PSYoungGen      total 239616K, used 0K [0x00000000d5580000, 0x00000000e6d00000, 0x0000000100000000)
  eden space 219648K, 0% used [0x00000000d5580000,0x00000000d5580000,0x00000000e2c00000)
  from space 19968K, 0% used [0x00000000e4000000,0x00000000e4000000,0x00000000e5380000)
  to   space 20480K, 0% used [0x00000000e2c00000,0x00000000e2c00000,0x00000000e4000000)
 ParOldGen       total 112128K, used 29023K [0x0000000080000000, 0x0000000086d80000, 0x00000000d5580000)
  object space 112128K, 25% used [0x0000000080000000,0x0000000081c57d60,0x0000000086d80000)
 Metaspace       used 56734K, capacity 59020K, committed 59160K, reserved 1099776K
  class space    used 7781K, capacity 8289K, committed 8368K, reserved 1048576K
}
Event: 40.410 GC heap before
{Heap before GC invocations=16 (full 3):
 PSYoungGen      total 239616K, used 219648K [0x00000000d5580000, 0x00000000e6d00000, 0x0000000100000000)
  eden space 219648K, 100% used [0x00000000d5580000,0x00000000e2c00000,0x00000000e2c00000)
  from space 19968K, 0% used [0x00000000e4000000,0x00000000e4000000,0x00000000e5380000)
  to   space 20480K, 0% used [0x00000000e2c00000,0x00000000e2c00000,0x00000000e4000000)
 ParOldGen       total 112128K, used 29023K [0x0000000080000000, 0x0000000086d80000, 0x00000000d5580000)
  object space 112128K, 25% used [0x0000000080000000,0x0000000081c57d60,0x0000000086d80000)
 Metaspace       used 69289K, capacity 72500K, committed 72744K, reserved 1112064K
  class space    used 9527K, capacity 10176K, committed 10288K, reserved 1048576K
Event: 40.504 GC heap after
Heap after GC invocations=16 (full 3):
 PSYoungGen      total 240128K, used 20462K [0x00000000d5580000, 0x00000000e9a00000, 0x0000000100000000)
  eden space 219648K, 0% used [0x00000000d5580000,0x00000000d5580000,0x00000000e2c00000)
  from space 20480K, 99% used [0x00000000e2c00000,0x00000000e3ffbbd8,0x00000000e4000000)
  to   space 25600K, 0% used [0x00000000e8100000,0x00000000e8100000,0x00000000e9a00000)
 ParOldGen       total 112128K, used 34485K [0x0000000080000000, 0x0000000086d80000, 0x00000000d5580000)
  object space 112128K, 30% used [0x0000000080000000,0x00000000821ad530,0x0000000086d80000)
 Metaspace       used 69289K, capacity 72500K, committed 72744K, reserved 1112064K
  class space    used 9527K, capacity 10176K, committed 10288K, reserved 1048576K
}
Event: 44.867 GC heap before
{Heap before GC invocations=17 (full 3):
 PSYoungGen      total 240128K, used 238560K [0x00000000d5580000, 0x00000000e9a00000, 0x0000000100000000)
  eden space 219648K, 99% used [0x00000000d5580000,0x00000000e2a7c6a0,0x00000000e2c00000)
  from space 20480K, 99% used [0x00000000e2c00000,0x00000000e3ffbbd8,0x00000000e4000000)
  to   space 25600K, 0% used [0x00000000e8100000,0x00000000e8100000,0x00000000e9a00000)
 ParOldGen       total 112128K, used 34485K [0x0000000080000000, 0x0000000086d80000, 0x00000000d5580000)
  object space 112128K, 30% used [0x0000000080000000,0x00000000821ad530,0x0000000086d80000)
 Metaspace       used 78746K, capacity 82986K, committed 83240K, reserved 1120256K
  class space    used 10978K, capacity 11801K, committed 11824K, reserved 1048576K
Event: 44.951 GC heap after
Heap after GC invocations=17 (full 3):
 PSYoungGen      total 245248K, used 25573K [0x00000000d5580000, 0x00000000e9a00000, 0x0000000100000000)
  eden space 219648K, 0% used [0x00000000d5580000,0x00000000d5580000,0x00000000e2c00000)
  from space 25600K, 99% used [0x00000000e8100000,0x00000000e99f9668,0x00000000e9a00000)
  to   space 20480K, 0% used [0x00000000e2c00000,0x00000000e2c00000,0x00000000e4000000)
 ParOldGen       total 112128K, used 60521K [0x0000000080000000, 0x0000000086d80000, 0x00000000d5580000)
  object space 112128K, 53% used [0x0000000080000000,0x0000000083b1a580,0x0000000086d80000)
 Metaspace       used 78746K, capacity 82986K, committed 83240K, reserved 1120256K
  class space    used 10978K, capacity 11801K, committed 11824K, reserved 1048576K
}

Deoptimization events (10 events):
Event: 45.368 Thread 0x000000001ddbd800 Uncommon trap: reason=class_check action=maybe_recompile pc=0x0000000004335614 method=com.android.tools.r8.dex.n$d.a(Lcom/android/tools/r8/graph/b0;)Lcom/android/tools/r8/graph/Y; @ 23
Event: 45.625 Thread 0x000000001ddbd800 Uncommon trap: reason=unstable_if action=reinterpret pc=0x00000000040cc240 method=com.android.tools.r8.utils.Y.d(I)Z @ 45
Event: 45.633 Thread 0x000000001ddbd800 Uncommon trap: reason=unstable_if action=reinterpret pc=0x00000000043de9ac method=com.android.tools.r8.dex.n.i()Lcom/android/tools/r8/graph/l0; @ 43
Event: 46.138 Thread 0x000000001ddb6800 Uncommon trap: reason=unstable_if action=reinterpret pc=0x00000000042ec158 method=com.android.tools.r8.q.a.b.l.d.a(Ljava/lang/Object;Z)Lcom/android/tools/r8/q/a/b/l/f; @ 84
Event: 46.984 Thread 0x000000001ddb6800 Uncommon trap: reason=class_check action=maybe_recompile pc=0x0000000003aa4d0c method=com.android.tools.r8.graph.Y.a([Lcom/android/tools/r8/graph/Y;Ljava/util/function/Consumer;)V @ 27
Event: 46.985 Thread 0x000000001ddb6800 Uncommon trap: reason=class_check action=maybe_recompile pc=0x0000000003aa4d0c method=com.android.tools.r8.graph.Y.a([Lcom/android/tools/r8/graph/Y;Ljava/util/function/Consumer;)V @ 27
Event: 46.985 Thread 0x000000001ddb6800 Uncommon trap: reason=class_check action=maybe_recompile pc=0x0000000003aa4d0c method=com.android.tools.r8.graph.Y.a([Lcom/android/tools/r8/graph/Y;Ljava/util/function/Consumer;)V @ 27
Event: 46.985 Thread 0x000000001ddb6800 Uncommon trap: reason=class_check action=maybe_recompile pc=0x0000000003aa4d0c method=com.android.tools.r8.graph.Y.a([Lcom/android/tools/r8/graph/Y;Ljava/util/function/Consumer;)V @ 27
Event: 48.002 Thread 0x000000001ddbd800 Uncommon trap: reason=null_check action=make_not_entrant pc=0x00000000042e4f8c method=com.android.tools.r8.graph.i0.computeEquals(Ljava/lang/Object;)Z @ 1
Event: 48.002 Thread 0x000000001ddbd800 Uncommon trap: reason=unstable_if action=reinterpret pc=0x000000000346dce8 method=java.util.Arrays.equals([Ljava/lang/Object;[Ljava/lang/Object;)Z @ 47

Classes redefined (0 events):
No events

Internal exceptions (10 events):
Event: 43.375 Thread 0x000000001ddbc000 Exception <a 'java/lang/IncompatibleClassChangeError': Found class java.lang.Object, but interface was expected> (0x00000000decc4818) thrown at [C:\src\AOSP-openjdk-git\hotspot\src\share\vm\interpreter\linkResolver.cpp, line 653]
Event: 43.807 Thread 0x000000001ddbc000 Exception <a 'java/lang/NoSuchMethodError': java.lang.Object.b(Lcom/android/tools/r8/graph/p1$b;)Lcom/android/tools/r8/graph/p1$b;> (0x00000000dfba4c38) thrown at [C:\src\AOSP-openjdk-git\hotspot\src\share\vm\interpreter\linkResolver.cpp, line 620]
Event: 43.870 Thread 0x000000001ddbc000 Exception <a 'java/lang/NoSuchMethodError': java.lang.Object.lambda$maxBy$1(Ljava/util/Comparator;Ljava/lang/Object;Ljava/lang/Object;)Ljava/lang/Object;> (0x00000000dfdaa720) thrown at [C:\src\AOSP-openjdk-git\hotspot\src\share\vm\interpreter\linkResolve
Event: 44.187 Thread 0x000000001ddbc000 Exception <a 'sun/nio/fs/WindowsException'> (0x00000000e07e5ab0) thrown at [C:\src\AOSP-openjdk-git\hotspot\src\share\vm\prims\jni.cpp, line 710]
Event: 44.197 Thread 0x000000001ddbc000 Exception <a 'sun/nio/fs/WindowsException'> (0x00000000e07fa450) thrown at [C:\src\AOSP-openjdk-git\hotspot\src\share\vm\prims\jni.cpp, line 710]
Event: 44.621 Thread 0x000000001f897800 Exception <a 'java/lang/NoSuchMethodError': <clinit>> (0x00000000e18b8b50) thrown at [C:\src\AOSP-openjdk-git\hotspot\src\share\vm\prims\jni.cpp, line 1615]
Event: 44.623 Thread 0x000000001f897800 Exception <a 'java/lang/NoSuchMethodError': <clinit>> (0x00000000e18cc208) thrown at [C:\src\AOSP-openjdk-git\hotspot\src\share\vm\prims\jni.cpp, line 1615]
Event: 44.848 Thread 0x000000001ddb6800 Exception <a 'sun/nio/fs/WindowsException'> (0x00000000e25da648) thrown at [C:\src\AOSP-openjdk-git\hotspot\src\share\vm\prims\jni.cpp, line 710]
Event: 45.308 Thread 0x000000001ddb8000 Implicit null exception at 0x000000000319c1ef to 0x000000000319c2e1
Event: 48.002 Thread 0x000000001ddbd800 Implicit null exception at 0x00000000042e4e0f to 0x00000000042e4f7d

Events (10 events):
Event: 48.085 loading class com/android/tools/r8/naming/H
Event: 48.085 loading class com/android/tools/r8/naming/H done
Event: 48.160 loading class com/android/tools/r8/graph/W
Event: 48.160 loading class com/android/tools/r8/graph/W done
Event: 48.160 loading class com/android/tools/r8/graph/W
Event: 48.160 loading class com/android/tools/r8/graph/W done
Event: 48.160 loading class com/android/tools/r8/graph/v
Event: 48.160 loading class com/android/tools/r8/graph/v done
Event: 48.206 Thread 0x000000001ddbd800 DEOPT PACKING pc=0x0000000003c2f4e7 sp=0x000000002bb6ec10
Event: 48.206 Thread 0x000000001ddbd800 DEOPT UNPACKING pc=0x00000000029075d0 sp=0x000000002bb6e948 mode 0


Dynamic libraries:
0x00007ff6d3670000 - 0x00007ff6d36a1000 	C:\Program Files\Android\Android Studio\jre\bin\java.exe
0x00007ffd74fe0000 - 0x00007ffd751d0000 	C:\WINDOWS\SYSTEM32\ntdll.dll
0x00007ffd74090000 - 0x00007ffd74142000 	C:\WINDOWS\System32\KERNEL32.DLL
0x00007ffd721d0000 - 0x00007ffd72475000 	C:\WINDOWS\System32\KERNELBASE.dll
0x00007ffd73b60000 - 0x00007ffd73c03000 	C:\WINDOWS\System32\ADVAPI32.dll
0x00007ffd74600000 - 0x00007ffd7469e000 	C:\WINDOWS\System32\msvcrt.dll
0x00007ffd73ac0000 - 0x00007ffd73b57000 	C:\WINDOWS\System32\sechost.dll
0x00007ffd749b0000 - 0x00007ffd74acf000 	C:\WINDOWS\System32\RPCRT4.dll
0x00007ffd746b0000 - 0x00007ffd74844000 	C:\WINDOWS\System32\USER32.dll
0x00007ffd72820000 - 0x00007ffd72841000 	C:\WINDOWS\System32\win32u.dll
0x00007ffd73d20000 - 0x00007ffd73d46000 	C:\WINDOWS\System32\GDI32.dll
0x00007ffd72030000 - 0x00007ffd721c8000 	C:\WINDOWS\System32\gdi32full.dll
0x00007ffd72ff0000 - 0x00007ffd7308e000 	C:\WINDOWS\System32\msvcp_win.dll
0x00007ffd725c0000 - 0x00007ffd726ba000 	C:\WINDOWS\System32\ucrtbase.dll
0x00007ffd60170000 - 0x00007ffd603f4000 	C:\WINDOWS\WinSxS\amd64_microsoft.windows.common-controls_6595b64144ccf1df_6.0.18362.1500_none_9e79be6de462295c\COMCTL32.dll
0x00007ffd73090000 - 0x00007ffd733c6000 	C:\WINDOWS\System32\combase.dll
0x00007ffd72530000 - 0x00007ffd725b1000 	C:\WINDOWS\System32\bcryptPrimitives.dll
0x00007ffd742e0000 - 0x00007ffd7430e000 	C:\WINDOWS\System32\IMM32.DLL
0x00007ffd55330000 - 0x00007ffd55374000 	C:\WINDOWS\system32\WRusr.dll
0x00007ffd746a0000 - 0x00007ffd746a8000 	C:\WINDOWS\System32\PSAPI.DLL
0x00007ffd74ad0000 - 0x00007ffd74b22000 	C:\WINDOWS\System32\SHLWAPI.dll
0x00007ffd733d0000 - 0x00007ffd73ab8000 	C:\WINDOWS\System32\SHELL32.dll
0x00007ffd724e0000 - 0x00007ffd7252a000 	C:\WINDOWS\System32\cfgmgr32.dll
0x00007ffd5d1a0000 - 0x00007ffd5d1a7000 	C:\WINDOWS\SYSTEM32\MSIMG32.dll
0x00007ffd74160000 - 0x00007ffd74207000 	C:\WINDOWS\System32\shcore.dll
0x00007ffd72850000 - 0x00007ffd72fcb000 	C:\WINDOWS\System32\windows.storage.dll
0x00007ffd71ea0000 - 0x00007ffd71ebe000 	C:\WINDOWS\System32\profapi.dll
0x00007ffd71ec0000 - 0x00007ffd71f0a000 	C:\WINDOWS\System32\powrprof.dll
0x00007ffd71e90000 - 0x00007ffd71ea0000 	C:\WINDOWS\System32\UMPDC.dll
0x00007ffd71f30000 - 0x00007ffd71f41000 	C:\WINDOWS\System32\kernel.appcore.dll
0x00007ffd72fd0000 - 0x00007ffd72fe7000 	C:\WINDOWS\System32\cryptsp.dll
0x000000006f9b0000 - 0x000000006fa82000 	C:\Program Files\Android\Android Studio\jre\jre\bin\msvcr100.dll
0x000000006fb70000 - 0x00000000703bb000 	C:\Program Files\Android\Android Studio\jre\jre\bin\server\jvm.dll
0x00007ffd70960000 - 0x00007ffd70969000 	C:\WINDOWS\SYSTEM32\WSOCK32.dll
0x00007ffd74320000 - 0x00007ffd7438f000 	C:\WINDOWS\System32\WS2_32.dll
0x00007ffd6fa20000 - 0x00007ffd6fa44000 	C:\WINDOWS\SYSTEM32\WINMM.dll
0x00007ffd63c90000 - 0x00007ffd63c9a000 	C:\WINDOWS\SYSTEM32\VERSION.dll
0x00007ffd6f5a0000 - 0x00007ffd6f5cd000 	C:\WINDOWS\SYSTEM32\WINMMBASE.dll
0x00007ffd6a200000 - 0x00007ffd6a20f000 	C:\Program Files\Android\Android Studio\jre\jre\bin\verify.dll
0x00007ffd6a1d0000 - 0x00007ffd6a1f9000 	C:\Program Files\Android\Android Studio\jre\jre\bin\java.dll
0x00007ffd6a1b0000 - 0x00007ffd6a1c6000 	C:\Program Files\Android\Android Studio\jre\jre\bin\zip.dll
0x00007ffd6a190000 - 0x00007ffd6a1aa000 	C:\Program Files\Android\Android Studio\jre\jre\bin\net.dll
0x00007ffd71670000 - 0x00007ffd716d7000 	C:\WINDOWS\system32\mswsock.dll
0x00007ffd6a170000 - 0x00007ffd6a183000 	C:\Program Files\Android\Android Studio\jre\jre\bin\nio.dll
0x00007ffd36090000 - 0x00007ffd360b7000 	C:\Users\Samurai 777\.gradle\native\f6784746aeab05261644944871eae4fe03e0ef1612fff0a4a95f87b438bc6780\windows-amd64\native-platform.dll
0x00007ffd6a160000 - 0x00007ffd6a16d000 	C:\Program Files\Android\Android Studio\jre\jre\bin\management.dll
0x00007ffd711f0000 - 0x00007ffd71223000 	C:\WINDOWS\system32\rsaenh.dll
0x00007ffd71f50000 - 0x00007ffd71f76000 	C:\WINDOWS\System32\bcrypt.dll
0x00007ffd71d80000 - 0x00007ffd71da5000 	C:\WINDOWS\SYSTEM32\USERENV.dll
0x00007ffd71840000 - 0x00007ffd7184c000 	C:\WINDOWS\SYSTEM32\CRYPTBASE.dll
0x00007ffd71380000 - 0x00007ffd713ba000 	C:\WINDOWS\SYSTEM32\IPHLPAPI.DLL
0x00007ffd74310000 - 0x00007ffd74318000 	C:\WINDOWS\System32\NSI.dll
0x00007ffd625c0000 - 0x00007ffd625d6000 	C:\WINDOWS\SYSTEM32\dhcpcsvc6.DLL
0x00007ffd642e0000 - 0x00007ffd642fc000 	C:\WINDOWS\SYSTEM32\dhcpcsvc.DLL
0x00007ffd713c0000 - 0x00007ffd7148b000 	C:\WINDOWS\SYSTEM32\DNSAPI.dll
0x00007ffd64a50000 - 0x00007ffd64a5b000 	C:\WINDOWS\SYSTEM32\WINNSI.DLL

VM Arguments:
jvm_args: -Xmx2048m -Dfile.encoding=UTF-8 -Duser.country=US -Duser.language=en -Duser.variant 
java_command: org.gradle.launcher.daemon.bootstrap.GradleDaemon 6.5
java_class_path (initial): C:\Users\Samurai 777\.gradle\wrapper\dists\gradle-6.5-bin\6nifqtx7604sqp1q6g8wikw7p\gradle-6.5\lib\gradle-launcher-6.5.jar
Launcher Type: SUN_STANDARD

Environment Variables:
JAVA_HOME=C:\Users\Samurai 777\AppData\Local\Programs\AdoptOpenJDK\jdk-11.0.9.11-hotspot\
PATH=C:\Program Files (x86)\Common Files\Oracle\Java\javapath;C:\Program Files (x86)\Intel\iCLS Client\;C:\Program Files\Intel\iCLS Client\;C:\WINDOWS\system32;C:\WINDOWS;C:\WINDOWS\System32\Wbem;C:\WINDOWS\System32\WindowsPowerShell\v1.0\;c:\Program Files\Intel\IntelSGXPSW\bin\x64\Release\;c:\Program Files\Intel\IntelSGXPSW\bin\win32\Release\;C:\WINDOWS\system32\config\systemprofile\.dnx\bin;C:\Program Files\Microsoft DNX\Dnvm\;C:\Program Files (x86)\Intel\Intel(R) Management Engine Components\DAL;C:\Program Files\Intel\Intel(R) Management Engine Components\DAL;C:\Program Files (x86)\Intel\Intel(R) Management Engine Components\IPT;C:\Program Files\Intel\Intel(R) Management Engine Components\IPT;C:\Program Files (x86)\Windows Live\Shared;C:\WINDOWS\System32\OpenSSH\;C:\Program Files\Intel\WiFi\bin\;C:\Program Files\Common Files\Intel\WirelessCommon\;C:\Program Files\Git\cmd;C:\Users\Samurai 777\AppData\Local\Programs\AdoptOpenJDK\jdk-11.0.9.11-hotspot\bin;C:\Users\Samurai 777\AppData\Local\Microsoft\WindowsApps;C:\Users\Public\frc2019\roborio\bin;C:\Users\Public\frc2019\frccode;C:\Users\Samurai 777\AppData\Local\GitHubDesktop\bin;C:\Users\Samurai 777\AppData\Local\Microsoft\WindowsApps;C:\Users\Samurai 777\AppData\Local\atom\bin;C:\ProgramData\MN\atom\bin;C:\Users\Samurai 777\AppData\Local\Programs\Microsoft VS Code\bin;C:\Users\Public\wpilib\2020\roborio\bin;C:\Users\Public\wpilib\2020\frccode
USERNAME=MN
OS=Windows_NT
PROCESSOR_IDENTIFIER=Intel64 Family 6 Model 78 Stepping 3, GenuineIntel



---------------  S Y S T E M  ---------------

OS: Windows 10.0 , 64 bit Build 18362 (10.0.18362.1500)

CPU:total 4 (initial active 4) (2 cores per cpu, 2 threads per core) family 6 model 78 stepping 3, cmov, cx8, fxsr, mmx, sse, sse2, sse3, ssse3, sse4.1, sse4.2, popcnt, avx, avx2, aes, clmul, erms, 3dnowpref, lzcnt, ht, tsc, tscinvbit, bmi1, bmi2, adx

Memory: 4k page, physical 8269992k(504228k free), swap 11541652k(5324k free)

vm_info: OpenJDK 64-Bit Server VM (25.242-b01) for windows-amd64 JRE (1.8.0_242-release-1644-b01), built by "builder" with MS VC++ 10.0 (VS2010)

time: Fri Apr 23 12:44:17 2021
timezone: Pacific Daylight Time
elapsed time: 48 seconds (0d 0h 0m 48s)

